<?xml version="1.0" encoding="UTF-8"?>
<!-- Generated by org.testng.reporters.JUnitXMLReporter -->
<testsuite ignored="0" hostname="IN3049051W1" failures="0" tests="14" name="test-1" time="279.203" errors="0" timestamp="2022-10-30T20:13:55 IST">
  <testcase classname="tests.HomePageHeader" name="validateDefaultLoading" time="2.241"/>
  <testcase classname="tests.HomePageHeader" name="validateDefaultLoading" time="0.007">
    <skipped/>
  </testcase> <!-- validateDefaultLoading -->
  <testcase classname="tests.HomePageHeader" name="validateLinkNotPresentForFrance" time="0.035">
    <skipped/>
  </testcase> <!-- validateLinkNotPresentForFrance -->
  <testcase classname="tests.HomePageHeader" name="validateLinkNotPresentForFrance" time="41.285"/>
  <testcase classname="tests.HomePageHeader" name="validateProfessionalLink" time="22.009"/>
  <testcase classname="tests.HomePageHeader" name="validateProfessionalLink" time="0.012">
    <skipped/>
  </testcase> <!-- validateProfessionalLink -->
  <testcase classname="tests.HomePageHeader" name="validateSameValueSelection" time="2.166"/>
  <testcase classname="tests.HomePageHeader" name="validateSameValueSelection" time="1.904"/>
  <testcase classname="tests.HomePageHeader" name="validateSelection" time="1.139"/>
  <testcase classname="tests.HomePageHeader" name="validateSelection" time="1.208"/>
  <testcase classname="tests.HomePageHeader" name="validateSelectionOnClosure" time="1.523"/>
  <testcase classname="tests.HomePageHeader" name="validateSelectionOnClosure" time="1.664"/>
  <testcase classname="tests.HomePageHeader" name="validateSelectionWithoutSubmit" time="1.489"/>
  <testcase classname="tests.HomePageHeader" name="validateSelectionWithoutSubmit" time="1.369"/>
</testsuite> <!-- test-1 -->
