<?xml version="1.0" encoding="UTF-8"?>
<!-- Generated by org.testng.reporters.JUnitReportReporter -->
<testsuite hostname="IN3049051W1" failures="0" tests="14" name="tests.HomePageHeader" time="277.383" errors="0" timestamp="2022-10-30T20:13:56 IST" skipped="3">
  <testcase classname="tests.HomePageHeader" name="validateSelectionOnClosure" time="15.236"/>
  <system-out/>
  <testcase classname="tests.HomePageHeader" name="validateProfessionalLink" time="35.250"/>
  <system-out/>
  <testcase classname="tests.HomePageHeader" name="validateSameValueSelection" time="14.753"/>
  <system-out/>
  <testcase classname="tests.HomePageHeader" name="validateSelectionWithoutSubmit" time="14.767"/>
  <system-out/>
  <testcase classname="tests.HomePageHeader" name="validateSelectionOnClosure" time="15.429"/>
  <system-out/>
  <testcase classname="tests.HomePageHeader" name="validateLinkNotPresentForFrance" time="54.169"/>
  <system-out/>
  <testcase classname="tests.HomePageHeader" name="validateDefaultLoading" time="13.322">
    <skipped/>
  </testcase> <!-- validateDefaultLoading -->
  <system-out/>
  <testcase classname="tests.HomePageHeader" name="validateSameValueSelection" time="20.649"/>
  <system-out/>
  <testcase classname="tests.HomePageHeader" name="validateSelection" time="15.361"/>
  <system-out/>
  <testcase classname="tests.HomePageHeader" name="validateProfessionalLink" time="12.644">
    <skipped/>
  </testcase> <!-- validateProfessionalLink -->
  <system-out/>
  <testcase classname="tests.HomePageHeader" name="validateLinkNotPresentForFrance" time="13.586">
    <skipped/>
  </testcase> <!-- validateLinkNotPresentForFrance -->
  <system-out/>
  <testcase classname="tests.HomePageHeader" name="validateDefaultLoading" time="16.153"/>
  <system-out/>
  <testcase classname="tests.HomePageHeader" name="validateSelection" time="21.757"/>
  <system-out/>
  <testcase classname="tests.HomePageHeader" name="validateSelectionWithoutSubmit" time="14.307"/>
  <system-out/>
</testsuite> <!-- tests.HomePageHeader -->
